<?xml version="1.0" encoding="UTF-8"?>
<testng-results ignored="0" total="2" passed="2" failed="0" skipped="0">
  <reporter-output>
  </reporter-output>
  <suite started-at="2022-04-14T14:38:04 IST" name="Suite" finished-at="2022-04-14T14:38:14 IST" duration-ms="9583">
    <groups>
    </groups>
    <test started-at="2022-04-14T14:38:04 IST" name="Testing" finished-at="2022-04-14T14:38:14 IST" duration-ms="9583">
      <class name="com.abc.OrangeHrm.Test.LoginPageTest">
        <test-method is-config="true" signature="Browser_Initilisation()[pri:0, instance:com.abc.OrangeHrm.Test.LoginPageTest@53ce1329]" started-at="2022-04-14T14:37:55 IST" name="Browser_Initilisation" finished-at="2022-04-14T14:38:04 IST" duration-ms="8616" status="PASS">
          <reporter-output>
          </reporter-output>
        </test-method> <!-- Browser_Initilisation -->
        <test-method is-config="true" signature="Report()[pri:0, instance:com.abc.OrangeHrm.Test.LoginPageTest@53ce1329]" started-at="2022-04-14T14:38:04 IST" name="Report" finished-at="2022-04-14T14:38:05 IST" duration-ms="387" status="PASS">
          <reporter-output>
          </reporter-output>
        </test-method> <!-- Report -->
        <test-method signature="TC2()[pri:0, instance:com.abc.OrangeHrm.Test.LoginPageTest@53ce1329]" started-at="2022-04-14T14:38:05 IST" name="TC2" description="Verify the user is not able to login with invalid credential" finished-at="2022-04-14T14:38:07 IST" duration-ms="2748" status="PASS">
          <reporter-output>
          </reporter-output>
        </test-method> <!-- TC2 -->
        <test-method signature="TC1()[pri:1, instance:com.abc.OrangeHrm.Test.LoginPageTest@53ce1329]" started-at="2022-04-14T14:38:07 IST" name="TC1" description="Verify the user is able to login with valid credential" finished-at="2022-04-14T14:38:13 IST" duration-ms="5971" status="PASS">
          <reporter-output>
          </reporter-output>
        </test-method> <!-- TC1 -->
        <test-method is-config="true" signature="endTest()[pri:0, instance:com.abc.OrangeHrm.Test.LoginPageTest@53ce1329]" started-at="2022-04-14T14:38:13 IST" name="endTest" finished-at="2022-04-14T14:38:14 IST" duration-ms="357" status="PASS">
          <reporter-output>
          </reporter-output>
        </test-method> <!-- endTest -->
        <test-method is-config="true" signature="TestDown()[pri:0, instance:com.abc.OrangeHrm.Test.LoginPageTest@53ce1329]" started-at="2022-04-14T14:38:14 IST" name="TestDown" finished-at="2022-04-14T14:38:14 IST" duration-ms="776" status="PASS">
          <reporter-output>
          </reporter-output>
        </test-method> <!-- TestDown -->
      </class> <!-- com.abc.OrangeHrm.Test.LoginPageTest -->
    </test> <!-- Testing -->
  </suite> <!-- Suite -->
</testng-results>
